2026-04-06 22:27:44 - logging_config - INFO - [logging_config.py:62] - ================================================================================
2026-04-06 22:27:44 - logging_config - INFO - [logging_config.py:63] - 日志系统初始化完成 - 2026-04-06 22:27:44
2026-04-06 22:27:44 - logging_config - INFO - [logging_config.py:64] - 日志文件路径: D:\Afile\AIDebate-sourcecode-0404\AIDebate-sourcecode-0404\api\logs\app.log
2026-04-06 22:27:44 - logging_config - INFO - [logging_config.py:65] - ================================================================================
2026-04-06 22:27:44 - main - INFO - [main.py:56] - 正在启动辩论教学系统API...
2026-04-06 22:27:44 - main - INFO - [main.py:60] - 初始化数据库引擎...
2026-04-06 22:27:44 - main - INFO - [main.py:64] - 初始化数据库表...
2026-04-06 22:27:48 - main - INFO - [main.py:66] - ✓ 数据库表初始化完成
2026-04-06 22:27:48 - main - INFO - [main.py:69] - 初始化默认配置...
2026-04-06 22:27:48 - main - INFO - [main.py:107] - ✓ 配置初始化完成
2026-04-06 22:27:48 - main - INFO - [main.py:115] - 初始化Redis连接...
2026-04-06 22:27:48 - main - INFO - [main.py:117] - ✓ Redis连接初始化完成
2026-04-06 22:27:48 - main - INFO - [main.py:119] - ✓ 辩论教学系统API启动成功！
2026-04-06 22:29:48 - logging_config - INFO - [logging_config.py:62] - ================================================================================
2026-04-06 22:29:48 - logging_config - INFO - [logging_config.py:63] - 日志系统初始化完成 - 2026-04-06 22:29:48
2026-04-06 22:29:48 - logging_config - INFO - [logging_config.py:64] - 日志文件路径: D:\Afile\AIDebate-sourcecode-0404\AIDebate-sourcecode-0404\api\logs\app.log
2026-04-06 22:29:48 - logging_config - INFO - [logging_config.py:65] - ================================================================================
2026-04-06 22:29:48 - main - INFO - [main.py:56] - 正在启动辩论教学系统API...
2026-04-06 22:29:48 - main - INFO - [main.py:60] - 初始化数据库引擎...
2026-04-06 22:29:48 - main - INFO - [main.py:64] - 初始化数据库表...
2026-04-06 22:29:52 - main - INFO - [main.py:66] - ✓ 数据库表初始化完成
2026-04-06 22:29:52 - main - INFO - [main.py:69] - 初始化默认配置...
2026-04-06 22:29:52 - main - INFO - [main.py:107] - ✓ 配置初始化完成
2026-04-06 22:29:52 - main - INFO - [main.py:115] - 初始化Redis连接...
2026-04-06 22:29:52 - main - INFO - [main.py:117] - ✓ Redis连接初始化完成
2026-04-06 22:29:52 - main - INFO - [main.py:119] - ✓ 辩论教学系统API启动成功！
